#
# There is insufficient memory for the Java Runtime Environment to continue.
# Native memory allocation (mmap) failed to map 5242880 bytes for G1 virtual space
# Possible reasons:
#   The system is out of physical RAM or swap space
#   The process is running with CompressedOops enabled, and the Java Heap may be blocking the growth of the native heap
# Possible solutions:
#   Reduce memory load on the system
#   Increase physical memory or swap space
#   Check if swap backing store is full
#   Decrease Java heap size (-Xmx/-Xms)
#   Decrease number of Java threads
#   Decrease Java thread stack sizes (-Xss)
#   Set larger code cache with -XX:ReservedCodeCacheSize=
#   JVM is running with Unscaled Compressed Oops mode in which the Java heap is
#     placed in the first 4GB address space. The Java Heap base address is the
#     maximum limit for the native heap growth. Please use -XX:HeapBaseMinAddress
#     to set the Java Heap base and to place the Java Heap above 4GB virtual address.
# This output file may be truncated or incomplete.
#
#  Out of Memory Error (os_windows.cpp:3600), pid=864, tid=60832
#
# JRE version: Java(TM) SE Runtime Environment (21.0.1+12) (build 21.0.1+12-LTS-29)
# Java VM: Java HotSpot(TM) 64-Bit Server VM (21.0.1+12-LTS-29, mixed mode, sharing, tiered, compressed oops, compressed class ptrs, g1 gc, windows-amd64)
# No core dump will be written. Minidumps are not enabled by default on client versions of Windows
#

---------------  S U M M A R Y ------------

Command Line: -Dfile.encoding=UTF-8 -Dstdout.encoding=UTF-8 -Dstderr.encoding=UTF-8 -XX:+ShowCodeDetailsInExceptionMessages com.example.hemant.HemantApplication

Host: 11th Gen Intel(R) Core(TM) i3-1115G4 @ 3.00GHz, 4 cores, 7G,  Windows 10 , 64 bit Build 19041 (10.0.19041.5198)
Time: Sat Jan 18 23:58:38 2025 India Standard Time elapsed time: 20.936418 seconds (0d 0h 0m 20s)

---------------  T H R E A D  ---------------

Current thread (0x0000024dc6be42d0):  VMThread "VM Thread"          [id=60832, stack(0x000000cd8f200000,0x000000cd8f300000) (1024K)]

Stack: [0x000000cd8f200000,0x000000cd8f300000]
Native frames: (J=compiled Java code, j=interpreted, Vv=VM code, C=native code)
V  [jvm.dll+0x6c9029]
V  [jvm.dll+0x854b81]
V  [jvm.dll+0x856e5e]
V  [jvm.dll+0x857543]
V  [jvm.dll+0x280c06]
V  [jvm.dll+0x6c5715]
V  [jvm.dll+0x6ba10a]
V  [jvm.dll+0x3557ea]
V  [jvm.dll+0x35d436]
V  [jvm.dll+0x3ae1be]
V  [jvm.dll+0x3ae468]
V  [jvm.dll+0x3291fc]
V  [jvm.dll+0x32baa6]
V  [jvm.dll+0x3359fe]
V  [jvm.dll+0x36bc65]
V  [jvm.dll+0x85d048]
V  [jvm.dll+0x85e144]
V  [jvm.dll+0x85e680]
V  [jvm.dll+0x85e923]
V  [jvm.dll+0x7fd728]
V  [jvm.dll+0x6c777d]
C  [ucrtbase.dll+0x21bb2]
C  [KERNEL32.DLL+0x17374]
C  [ntdll.dll+0x4cc91]

VM_Operation (0x000000cd8edff8f0): G1PauseRemark, mode: safepoint, requested by thread 0x0000024daac4c130


---------------  P R O C E S S  ---------------

Threads class SMR info:
_java_thread_list=0x0000024e0d7f5880, length=28, elements={
0x0000024dc6c03fc0, 0x0000024dc6c085a0, 0x0000024dc6c0ab90, 0x0000024dc6c0b5f0,
0x0000024dc6c0c7f0, 0x0000024dc6c0d9f0, 0x0000024dc6c1ea10, 0x0000024dc6c234d0,
0x0000024e0c0f0540, 0x0000024e0c0f5930, 0x0000024e0e233300, 0x0000024e0e233970,
0x0000024e0e233fe0, 0x0000024e0f0cc460, 0x0000024e0c150270, 0x0000024e10633990,
0x0000024e103d5460, 0x0000024e0df4eff0, 0x0000024e0df4f660, 0x0000024e10c994e0,
0x0000024e10c97aa0, 0x0000024e10c98e50, 0x0000024e10c99b70, 0x0000024e10c987c0,
0x0000024e10c9a200, 0x0000024e10c9a890, 0x0000024e10c9af20, 0x0000024e10c98130
}

Java Threads: ( => current thread )
  0x0000024dc6c03fc0 JavaThread "Reference Handler"          daemon [_thread_blocked, id=72040, stack(0x000000cd8f300000,0x000000cd8f400000) (1024K)]
  0x0000024dc6c085a0 JavaThread "Finalizer"                  daemon [_thread_blocked, id=15540, stack(0x000000cd8f400000,0x000000cd8f500000) (1024K)]
  0x0000024dc6c0ab90 JavaThread "Signal Dispatcher"          daemon [_thread_blocked, id=63888, stack(0x000000cd8f500000,0x000000cd8f600000) (1024K)]
  0x0000024dc6c0b5f0 JavaThread "Attach Listener"            daemon [_thread_blocked, id=73052, stack(0x000000cd8f600000,0x000000cd8f700000) (1024K)]
  0x0000024dc6c0c7f0 JavaThread "Service Thread"             daemon [_thread_blocked, id=72636, stack(0x000000cd8f700000,0x000000cd8f800000) (1024K)]
  0x0000024dc6c0d9f0 JavaThread "Monitor Deflation Thread"   daemon [_thread_blocked, id=70336, stack(0x000000cd8f800000,0x000000cd8f900000) (1024K)]
  0x0000024dc6c1ea10 JavaThread "C2 CompilerThread0"         daemon [_thread_blocked, id=10256, stack(0x000000cd8f900000,0x000000cd8fa00000) (1024K)]
  0x0000024dc6c234d0 JavaThread "C1 CompilerThread0"         daemon [_thread_blocked, id=2768, stack(0x000000cd8fa00000,0x000000cd8fb00000) (1024K)]
  0x0000024e0c0f0540 JavaThread "Notification Thread"        daemon [_thread_blocked, id=64524, stack(0x000000cd8fb00000,0x000000cd8fc00000) (1024K)]
  0x0000024e0c0f5930 JavaThread "Common-Cleaner"             daemon [_thread_blocked, id=16052, stack(0x000000cd8fc00000,0x000000cd8fd00000) (1024K)]
  0x0000024e0e233300 JavaThread "Catalina-utility-1"                [_thread_blocked, id=62604, stack(0x000000cd90100000,0x000000cd90200000) (1024K)]
  0x0000024e0e233970 JavaThread "Catalina-utility-2"                [_thread_blocked, id=73076, stack(0x000000cd90200000,0x000000cd90300000) (1024K)]
  0x0000024e0e233fe0 JavaThread "container-0"                       [_thread_blocked, id=73684, stack(0x000000cd90300000,0x000000cd90400000) (1024K)]
  0x0000024e0f0cc460 JavaThread "mysql-cj-abandoned-connection-cleanup" daemon [_thread_blocked, id=14100, stack(0x000000cd90400000,0x000000cd90500000) (1024K)]
  0x0000024e0c150270 JavaThread "HikariPool-1 housekeeper"   daemon [_thread_blocked, id=72192, stack(0x000000cd90600000,0x000000cd90700000) (1024K)]
  0x0000024e10633990 JavaThread "http-nio-8081-exec-1"       daemon [_thread_blocked, id=60228, stack(0x000000cd90800000,0x000000cd90900000) (1024K)]
  0x0000024e103d5460 JavaThread "http-nio-8081-exec-2"       daemon [_thread_blocked, id=68000, stack(0x000000cd90900000,0x000000cd90a00000) (1024K)]
  0x0000024e0df4eff0 JavaThread "http-nio-8081-exec-3"       daemon [_thread_blocked, id=69816, stack(0x000000cd90a00000,0x000000cd90b00000) (1024K)]
  0x0000024e0df4f660 JavaThread "http-nio-8081-exec-4"       daemon [_thread_blocked, id=73512, stack(0x000000cd90b00000,0x000000cd90c00000) (1024K)]
  0x0000024e10c994e0 JavaThread "http-nio-8081-exec-5"       daemon [_thread_blocked, id=71708, stack(0x000000cd90c00000,0x000000cd90d00000) (1024K)]
  0x0000024e10c97aa0 JavaThread "http-nio-8081-exec-6"       daemon [_thread_blocked, id=72160, stack(0x000000cd90d00000,0x000000cd90e00000) (1024K)]
  0x0000024e10c98e50 JavaThread "http-nio-8081-exec-7"       daemon [_thread_blocked, id=53308, stack(0x000000cd90e00000,0x000000cd90f00000) (1024K)]
  0x0000024e10c99b70 JavaThread "http-nio-8081-exec-8"       daemon [_thread_blocked, id=71792, stack(0x000000cd90f00000,0x000000cd91000000) (1024K)]
  0x0000024e10c987c0 JavaThread "http-nio-8081-exec-9"       daemon [_thread_blocked, id=37656, stack(0x000000cd91000000,0x000000cd91100000) (1024K)]
  0x0000024e10c9a200 JavaThread "http-nio-8081-exec-10"      daemon [_thread_blocked, id=72356, stack(0x000000cd91100000,0x000000cd91200000) (1024K)]
  0x0000024e10c9a890 JavaThread "http-nio-8081-Poller"       daemon [_thread_in_native, id=49808, stack(0x000000cd91200000,0x000000cd91300000) (1024K)]
  0x0000024e10c9af20 JavaThread "http-nio-8081-Acceptor"     daemon [_thread_in_native, id=73428, stack(0x000000cd91300000,0x000000cd91400000) (1024K)]
  0x0000024e10c98130 JavaThread "DestroyJavaVM"                     [_thread_blocked, id=4904, stack(0x000000cd8eb00000,0x000000cd8ec00000) (1024K)]
Total: 28

Other Threads:
=>0x0000024dc6be42d0 VMThread "VM Thread"                           [id=60832, stack(0x000000cd8f200000,0x000000cd8f300000) (1024K)]
  0x0000024dc6bce810 WatcherThread "VM Periodic Task Thread"        [id=68472, stack(0x000000cd8f100000,0x000000cd8f200000) (1024K)]
  0x0000024daac39790 WorkerThread "GC Thread#0"                     [id=73392, stack(0x000000cd8ec00000,0x000000cd8ed00000) (1024K)]
  0x0000024e0c9de440 WorkerThread "GC Thread#1"                     [id=72688, stack(0x000000cd8fe00000,0x000000cd8ff00000) (1024K)]
  0x0000024e0c9de7e0 WorkerThread "GC Thread#2"                     [id=69956, stack(0x000000cd8ff00000,0x000000cd90000000) (1024K)]
  0x0000024e0c895c40 WorkerThread "GC Thread#3"                     [id=70500, stack(0x000000cd90000000,0x000000cd90100000) (1024K)]
  0x0000024daac4c130 ConcurrentGCThread "G1 Main Marker"            [id=46744, stack(0x000000cd8ed00000,0x000000cd8ee00000) (1024K)]
  0x0000024daac4cb40 WorkerThread "G1 Conc#0"                       [id=57784, stack(0x000000cd8ee00000,0x000000cd8ef00000) (1024K)]
  0x0000024dc6aa20b0 ConcurrentGCThread "G1 Refine#0"               [id=41756, stack(0x000000cd8ef00000,0x000000cd8f000000) (1024K)]
  0x0000024dc6aa2b30 ConcurrentGCThread "G1 Service"                [id=65700, stack(0x000000cd8f000000,0x000000cd8f100000) (1024K)]
Total: 10

Threads with active compile tasks:
Total: 0

VM state: at safepoint (normal execution)

VM Mutex/Monitor currently owned by a thread:  ([mutex/lock_event])
[0x00007ff97a1fa5f8] Threads_lock - owner thread: 0x0000024dc6be42d0
[0x00007ff97a1fa6f8] Heap_lock - owner thread: 0x0000024daac4c130

Heap address: 0x0000000083600000, size: 1994 MB, Compressed Oops mode: 32-bit

CDS archive(s) mapped at: [0x0000024dc7000000-0x0000024dc7c90000-0x0000024dc7c90000), size 13172736, SharedBaseAddress: 0x0000024dc7000000, ArchiveRelocationMode: 1.
Compressed class space mapped at: 0x0000024dc8000000-0x0000024e08000000, reserved size: 1073741824
Narrow klass base: 0x0000024dc7000000, Narrow klass shift: 0, Narrow klass range: 0x100000000

GC Precious Log:
 CardTable entry size: 512
 Card Set container configuration: InlinePtr #cards 5 size 8 Array Of Cards #cards 12 size 40 Howl #buckets 4 coarsen threshold 1843 Howl Bitmap #cards 512 size 80 coarsen threshold 460 Card regions per heap region 1 cards per card region 2048
 CPUs: 4 total, 4 available
 Memory: 7975M
 Large Page Support: Disabled
 NUMA Support: Disabled
 Compressed Oops: Enabled (32-bit)
 Heap Region Size: 1M
 Heap Min Capacity: 8M
 Heap Initial Capacity: 126M
 Heap Max Capacity: 1994M
 Pre-touch: Disabled
 Parallel Workers: 4
 Concurrent Workers: 1
 Concurrent Refinement Workers: 4
 Periodic GC: Disabled

Heap:
 garbage-first heap   total 48128K, used 29557K [0x0000000083600000, 0x0000000100000000)
  region size 1024K, 3 young (3072K), 2 survivors (2048K)
 Metaspace       used 67129K, committed 67840K, reserved 1114112K
  class space    used 8974K, committed 9280K, reserved 1048576K

Heap Regions: E=young(eden), S=young(survivor), O=old, HS=humongous(starts), HC=humongous(continues), CS=collection set, F=free, TAMS=top-at-mark-start, PB=parsable bottom
|   0|0x0000000083600000, 0x0000000083700000, 0x0000000083700000|100%|HS|  |TAMS 0x0000000083700000| PB 0x0000000083600000| Complete 
|   1|0x0000000083700000, 0x0000000083800000, 0x0000000083800000|100%| O|  |TAMS 0x0000000083800000| PB 0x0000000083800000| Untracked 
|   2|0x0000000083800000, 0x0000000083900000, 0x0000000083900000|100%| O|  |TAMS 0x0000000083900000| PB 0x0000000083900000| Untracked 
|   3|0x0000000083900000, 0x0000000083a00000, 0x0000000083a00000|100%| O|  |TAMS 0x0000000083a00000| PB 0x0000000083a00000| Untracked 
|   4|0x0000000083a00000, 0x0000000083b00000, 0x0000000083b00000|100%| O|  |TAMS 0x0000000083b00000| PB 0x0000000083b00000| Untracked 
|   5|0x0000000083b00000, 0x0000000083c00000, 0x0000000083c00000|100%| O|  |TAMS 0x0000000083c00000| PB 0x0000000083c00000| Updating 
|   6|0x0000000083c00000, 0x0000000083d00000, 0x0000000083d00000|100%| O|  |TAMS 0x0000000083d00000| PB 0x0000000083d00000| Untracked 
|   7|0x0000000083d00000, 0x0000000083e00000, 0x0000000083e00000|100%| O|  |TAMS 0x0000000083e00000| PB 0x0000000083e00000| Updating 
|   8|0x0000000083e00000, 0x0000000083f00000, 0x0000000083f00000|100%| O|  |TAMS 0x0000000083f00000| PB 0x0000000083f00000| Updating 
|   9|0x0000000083f00000, 0x0000000084000000, 0x0000000084000000|100%| O|  |TAMS 0x0000000084000000| PB 0x0000000084000000| Untracked 
|  10|0x0000000084000000, 0x0000000084100000, 0x0000000084100000|100%| O|  |TAMS 0x0000000084100000| PB 0x0000000084100000| Untracked 
|  11|0x0000000084100000, 0x0000000084200000, 0x0000000084200000|100%| O|  |TAMS 0x0000000084200000| PB 0x0000000084200000| Untracked 
|  12|0x0000000084200000, 0x0000000084300000, 0x0000000084300000|100%| O|  |TAMS 0x0000000084300000| PB 0x0000000084300000| Untracked 
|  13|0x0000000084300000, 0x0000000084400000, 0x0000000084400000|100%| O|  |TAMS 0x0000000084400000| PB 0x0000000084400000| Untracked 
|  14|0x0000000084400000, 0x0000000084500000, 0x0000000084500000|100%| O|  |TAMS 0x0000000084500000| PB 0x0000000084500000| Untracked 
|  15|0x0000000084500000, 0x0000000084600000, 0x0000000084600000|100%| O|  |TAMS 0x0000000084500000| PB 0x0000000084500000| Untracked 
|  16|0x0000000084600000, 0x0000000084700000, 0x0000000084700000|100%| O|  |TAMS 0x0000000084700000| PB 0x0000000084700000| Untracked 
|  17|0x0000000084700000, 0x0000000084800000, 0x0000000084800000|100%| O|  |TAMS 0x0000000084800000| PB 0x0000000084800000| Untracked 
|  18|0x0000000084800000, 0x0000000084900000, 0x0000000084900000|100%| O|  |TAMS 0x0000000084900000| PB 0x0000000084900000| Untracked 
|  19|0x0000000084900000, 0x0000000084a00000, 0x0000000084a00000|100%| O|  |TAMS 0x0000000084a00000| PB 0x0000000084a00000| Updating 
|  20|0x0000000084a00000, 0x0000000084b00000, 0x0000000084b00000|100%| O|  |TAMS 0x0000000084b00000| PB 0x0000000084b00000| Untracked 
|  21|0x0000000084b00000, 0x0000000084c00000, 0x0000000084c00000|100%| O|  |TAMS 0x0000000084c00000| PB 0x0000000084c00000| Untracked 
|  22|0x0000000084c00000, 0x0000000084d00000, 0x0000000084d00000|100%| O|  |TAMS 0x0000000084d00000| PB 0x0000000084d00000| Untracked 
|  23|0x0000000084d00000, 0x0000000084e00000, 0x0000000084e00000|100%| O|  |TAMS 0x0000000084e00000| PB 0x0000000084e00000| Updating 
|  24|0x0000000084e00000, 0x0000000084f00000, 0x0000000084f00000|100%| O|  |TAMS 0x0000000084f00000| PB 0x0000000084f00000| Updating 
|  25|0x0000000084f00000, 0x0000000085000000, 0x0000000085000000|100%| O|  |TAMS 0x0000000085000000| PB 0x0000000085000000| Untracked 
|  26|0x0000000085000000, 0x000000008506fe10, 0x0000000085100000| 43%| O|  |TAMS 0x0000000085000000| PB 0x0000000085000000| Updating 
|  27|0x0000000085100000, 0x0000000085100000, 0x0000000085200000|  0%| F|  |TAMS 0x0000000085100000| PB 0x0000000085100000| Untracked 
|  28|0x0000000085200000, 0x000000008526d710, 0x0000000085300000| 42%| S|CS|TAMS 0x0000000085200000| PB 0x0000000085200000| Complete 
|  29|0x0000000085300000, 0x0000000085400000, 0x0000000085400000|100%| O|  |TAMS 0x00000000853f6810| PB 0x00000000853f6810| Updating 
|  30|0x0000000085400000, 0x0000000085500000, 0x0000000085500000|100%| S|CS|TAMS 0x0000000085400000| PB 0x0000000085400000| Complete 
|  31|0x0000000085500000, 0x0000000085500000, 0x0000000085600000|  0%| F|  |TAMS 0x0000000085500000| PB 0x0000000085500000| Untracked 
|  32|0x0000000085600000, 0x0000000085600000, 0x0000000085700000|  0%| F|  |TAMS 0x0000000085600000| PB 0x0000000085600000| Untracked 
|  33|0x0000000085700000, 0x0000000085700000, 0x0000000085800000|  0%| F|  |TAMS 0x0000000085700000| PB 0x0000000085700000| Untracked 
|  34|0x0000000085800000, 0x0000000085800000, 0x0000000085900000|  0%| F|  |TAMS 0x0000000085800000| PB 0x0000000085800000| Untracked 
|  35|0x0000000085900000, 0x0000000085900000, 0x0000000085a00000|  0%| F|  |TAMS 0x0000000085900000| PB 0x0000000085900000| Untracked 
|  36|0x0000000085a00000, 0x0000000085a00000, 0x0000000085b00000|  0%| F|  |TAMS 0x0000000085a00000| PB 0x0000000085a00000| Untracked 
|  37|0x0000000085b00000, 0x0000000085b00000, 0x0000000085c00000|  0%| F|  |TAMS 0x0000000085b00000| PB 0x0000000085b00000| Untracked 
|  38|0x0000000085c00000, 0x0000000085c00000, 0x0000000085d00000|  0%| F|  |TAMS 0x0000000085c00000| PB 0x0000000085c00000| Untracked 
|  82|0x0000000088800000, 0x0000000088800000, 0x0000000088900000|  0%| F|  |TAMS 0x0000000088800000| PB 0x0000000088800000| Untracked 
|  83|0x0000000088900000, 0x0000000088900000, 0x0000000088a00000|  0%| F|  |TAMS 0x0000000088900000| PB 0x0000000088900000| Untracked 
|  89|0x0000000088f00000, 0x0000000088f00000, 0x0000000089000000|  0%| F|  |TAMS 0x0000000088f00000| PB 0x0000000088f00000| Untracked 
|  90|0x0000000089000000, 0x0000000089000000, 0x0000000089100000|  0%| F|  |TAMS 0x0000000089000000| PB 0x0000000089000000| Untracked 
|  91|0x0000000089100000, 0x0000000089100000, 0x0000000089200000|  0%| F|  |TAMS 0x0000000089100000| PB 0x0000000089100000| Untracked 
|  92|0x0000000089200000, 0x0000000089200000, 0x0000000089300000|  0%| F|  |TAMS 0x0000000089200000| PB 0x0000000089200000| Untracked 
|  93|0x0000000089300000, 0x0000000089300000, 0x0000000089400000|  0%| F|  |TAMS 0x0000000089300000| PB 0x0000000089300000| Untracked 
|  94|0x0000000089400000, 0x0000000089487d88, 0x0000000089500000| 53%| E|  |TAMS 0x0000000089400000| PB 0x0000000089400000| Complete 

Card table byte_map: [0x0000024dc2430000,0x0000024dc2820000] _byte_map_base: 0x0000024dc2015000

Marking Bits: (CMBitMap*) 0x0000024daac3adb0
 Bits: [0x0000024dc2820000, 0x0000024dc4748000)

Polling page: 0x0000024da8ac0000

Metaspace:

Usage:
  Non-class:     56.79 MB used.
      Class:      8.76 MB used.
       Both:     65.56 MB used.

Virtual space:
  Non-class space:       64.00 MB reserved,      57.19 MB ( 89%) committed,  1 nodes.
      Class space:        1.00 GB reserved,       9.06 MB ( <1%) committed,  1 nodes.
             Both:        1.06 GB reserved,      66.25 MB (  6%) committed. 

Chunk freelists:
   Non-Class:  5.91 MB
       Class:  6.89 MB
        Both:  12.80 MB

MaxMetaspaceSize: unlimited
CompressedClassSpaceSize: 1.00 GB
Initial GC threshold: 21.00 MB
Current GC threshold: 98.25 MB
CDS: on
 - commit_granule_bytes: 65536.
 - commit_granule_words: 8192.
 - virtual_space_node_default_size: 8388608.
 - enlarge_chunks_in_place: 1.
 - use_allocation_guard: 0.


Internal statistics:

num_allocs_failed_limit: 9.
num_arena_births: 932.
num_arena_deaths: 0.
num_vsnodes_births: 2.
num_vsnodes_deaths: 0.
num_space_committed: 1060.
num_space_uncommitted: 0.
num_chunks_returned_to_freelist: 9.
num_chunks_taken_from_freelist: 3300.
num_chunk_merges: 9.
num_chunk_splits: 2352.
num_chunks_enlarged: 1797.
num_inconsistent_stats: 0.

CodeHeap 'non-profiled nmethods': size=120000Kb used=3919Kb max_used=4184Kb free=116080Kb
 bounds [0x0000024dbab10000, 0x0000024dbaf30000, 0x0000024dc2040000]
CodeHeap 'profiled nmethods': size=120000Kb used=10321Kb max_used=11057Kb free=109678Kb
 bounds [0x0000024db3040000, 0x0000024db3b10000, 0x0000024dba570000]
CodeHeap 'non-nmethods': size=5760Kb used=1908Kb max_used=1975Kb free=3851Kb
 bounds [0x0000024dba570000, 0x0000024dba7e0000, 0x0000024dbab10000]
 total_blobs=6058 nmethods=5334 adapters=627
 compilation: enabled
              stopped_count=0, restarted_count=0
 full_count=0

Compilation events (20 events):
Event: 20.787 Thread 0x0000024dc6c234d0 nmethod 6301 0x0000024db3b0b610 code [0x0000024db3b0b7c0, 0x0000024db3b0b910]
Event: 20.790 Thread 0x0000024dc6c234d0 6302       3       java.util.Collections::unmodifiableList (51 bytes)
Event: 20.790 Thread 0x0000024dc6c234d0 nmethod 6302 0x0000024db3b0b990 code [0x0000024db3b0bbe0, 0x0000024db3b0c768]
Event: 20.790 Thread 0x0000024dc6c234d0 6303       3       java.util.ArrayList::indexOfRange (71 bytes)
Event: 20.791 Thread 0x0000024dc6c234d0 nmethod 6303 0x0000024db3b0ca10 code [0x0000024db3b0cc00, 0x0000024db3b0d0c8]
Event: 20.807 Thread 0x0000024dc6c234d0 6306       3       java.nio.CharBuffer::<init> (24 bytes)
Event: 20.807 Thread 0x0000024dc6c234d0 nmethod 6306 0x0000024db3b0d290 code [0x0000024db3b0d440, 0x0000024db3b0d5f0]
Event: 20.807 Thread 0x0000024dc6c234d0 6304       3       java.nio.charset.CharsetDecoder::flush (49 bytes)
Event: 20.807 Thread 0x0000024dc6c234d0 nmethod 6304 0x0000024db3b0d690 code [0x0000024db3b0d860, 0x0000024db3b0dc50]
Event: 20.807 Thread 0x0000024dc6c234d0 6305       3       java.nio.CharBuffer::flip (7 bytes)
Event: 20.807 Thread 0x0000024dc6c234d0 nmethod 6305 0x0000024db3b0dd90 code [0x0000024db3b0df40, 0x0000024db3b0e0c0]
Event: 20.809 Thread 0x0000024dc6c1ea10 nmethod 6299% 0x0000024dbaf23010 code [0x0000024dbaf23300, 0x0000024dbaf24c80]
Event: 20.817 Thread 0x0000024dc6c234d0 6307       3       java.lang.String::equals (56 bytes)
Event: 20.817 Thread 0x0000024dc6c234d0 nmethod 6307 0x0000024db3b0e190 code [0x0000024db3b0e360, 0x0000024db3b0e7e0]
Event: 20.817 Thread 0x0000024dc6c234d0 6309       3       java.lang.invoke.LambdaForm$NamedFunction::<init> (7 bytes)
Event: 20.818 Thread 0x0000024dc6c234d0 nmethod 6309 0x0000024db3b0e910 code [0x0000024db3b0eac0, 0x0000024db3b0ed18]
Event: 20.819 Thread 0x0000024dc6c234d0 6310       3       org.springframework.core.annotation.AttributeMethods::isAttributeMethod (23 bytes)
Event: 20.819 Thread 0x0000024dc6c234d0 nmethod 6310 0x0000024db3b0ee10 code [0x0000024db3b0efc0, 0x0000024db3b0f1d8]
Event: 20.820 Thread 0x0000024dc6c234d0 6311   !   3       jdk.proxy2.$Proxy7::annotationType (29 bytes)
Event: 20.820 Thread 0x0000024dc6c234d0 nmethod 6311 0x0000024db3b0f310 code [0x0000024db3b0f4e0, 0x0000024db3b0f8e0]

GC Heap History (20 events):
Event: 5.130 GC heap before
{Heap before GC invocations=7 (full 0):
 garbage-first heap   total 48128K, used 38129K [0x0000000083600000, 0x0000000100000000)
  region size 1024K, 22 young (22528K), 2 survivors (2048K)
 Metaspace       used 34505K, committed 35008K, reserved 1114112K
  class space    used 4503K, committed 4736K, reserved 1048576K
}
Event: 5.133 GC heap after
{Heap after GC invocations=8 (full 0):
 garbage-first heap   total 48128K, used 18822K [0x0000000083600000, 0x0000000100000000)
  region size 1024K, 2 young (2048K), 2 survivors (2048K)
 Metaspace       used 34505K, committed 35008K, reserved 1114112K
  class space    used 4503K, committed 4736K, reserved 1048576K
}
Event: 5.293 GC heap before
{Heap before GC invocations=8 (full 0):
 garbage-first heap   total 48128K, used 22918K [0x0000000083600000, 0x0000000100000000)
  region size 1024K, 7 young (7168K), 2 survivors (2048K)
 Metaspace       used 35421K, committed 35968K, reserved 1114112K
  class space    used 4674K, committed 4928K, reserved 1048576K
}
Event: 5.294 GC heap after
{Heap after GC invocations=9 (full 0):
 garbage-first heap   total 48128K, used 19049K [0x0000000083600000, 0x0000000100000000)
  region size 1024K, 2 young (2048K), 2 survivors (2048K)
 Metaspace       used 35421K, committed 35968K, reserved 1114112K
  class space    used 4674K, committed 4928K, reserved 1048576K
}
Event: 6.531 GC heap before
{Heap before GC invocations=10 (full 0):
 garbage-first heap   total 48128K, used 40553K [0x0000000083600000, 0x0000000100000000)
  region size 1024K, 23 young (23552K), 2 survivors (2048K)
 Metaspace       used 45342K, committed 45824K, reserved 1114112K
  class space    used 5895K, committed 6080K, reserved 1048576K
}
Event: 6.535 GC heap after
{Heap after GC invocations=11 (full 0):
 garbage-first heap   total 48128K, used 21242K [0x0000000083600000, 0x0000000100000000)
  region size 1024K, 3 young (3072K), 3 survivors (3072K)
 Metaspace       used 45342K, committed 45824K, reserved 1114112K
  class space    used 5895K, committed 6080K, reserved 1048576K
}
Event: 6.959 GC heap before
{Heap before GC invocations=11 (full 0):
 garbage-first heap   total 48128K, used 41722K [0x0000000083600000, 0x0000000100000000)
  region size 1024K, 23 young (23552K), 3 survivors (3072K)
 Metaspace       used 50895K, committed 51392K, reserved 1114112K
  class space    used 6660K, committed 6912K, reserved 1048576K
}
Event: 6.963 GC heap after
{Heap after GC invocations=12 (full 0):
 garbage-first heap   total 48128K, used 22617K [0x0000000083600000, 0x0000000100000000)
  region size 1024K, 2 young (2048K), 2 survivors (2048K)
 Metaspace       used 50895K, committed 51392K, reserved 1114112K
  class space    used 6660K, committed 6912K, reserved 1048576K
}
Event: 7.375 GC heap before
{Heap before GC invocations=12 (full 0):
 garbage-first heap   total 48128K, used 40025K [0x0000000083600000, 0x0000000100000000)
  region size 1024K, 20 young (20480K), 2 survivors (2048K)
 Metaspace       used 55170K, committed 55808K, reserved 1114112K
  class space    used 7334K, committed 7616K, reserved 1048576K
}
Event: 7.377 GC heap after
{Heap after GC invocations=13 (full 0):
 garbage-first heap   total 48128K, used 23162K [0x0000000083600000, 0x0000000100000000)
  region size 1024K, 3 young (3072K), 3 survivors (3072K)
 Metaspace       used 55170K, committed 55808K, reserved 1114112K
  class space    used 7334K, committed 7616K, reserved 1048576K
}
Event: 7.882 GC heap before
{Heap before GC invocations=13 (full 0):
 garbage-first heap   total 48128K, used 39546K [0x0000000083600000, 0x0000000100000000)
  region size 1024K, 20 young (20480K), 3 survivors (3072K)
 Metaspace       used 59614K, committed 60160K, reserved 1114112K
  class space    used 7863K, committed 8128K, reserved 1048576K
}
Event: 7.886 GC heap after
{Heap after GC invocations=14 (full 0):
 garbage-first heap   total 48128K, used 24915K [0x0000000083600000, 0x0000000100000000)
  region size 1024K, 3 young (3072K), 3 survivors (3072K)
 Metaspace       used 59614K, committed 60160K, reserved 1114112K
  class space    used 7863K, committed 8128K, reserved 1048576K
}
Event: 7.930 GC heap before
{Heap before GC invocations=14 (full 0):
 garbage-first heap   total 48128K, used 24915K [0x0000000083600000, 0x0000000100000000)
  region size 1024K, 4 young (4096K), 3 survivors (3072K)
 Metaspace       used 59724K, committed 60288K, reserved 1114112K
  class space    used 7882K, committed 8128K, reserved 1048576K
}
Event: 7.934 GC heap after
{Heap after GC invocations=15 (full 0):
 garbage-first heap   total 48128K, used 24997K [0x0000000083600000, 0x0000000100000000)
  region size 1024K, 1 young (1024K), 1 survivors (1024K)
 Metaspace       used 59724K, committed 60288K, reserved 1114112K
  class space    used 7882K, committed 8128K, reserved 1048576K
}
Event: 9.275 GC heap before
{Heap before GC invocations=16 (full 0):
 garbage-first heap   total 48128K, used 42405K [0x0000000083600000, 0x0000000100000000)
  region size 1024K, 18 young (18432K), 1 survivors (1024K)
 Metaspace       used 62121K, committed 62720K, reserved 1114112K
  class space    used 8309K, committed 8576K, reserved 1048576K
}
Event: 9.277 GC heap after
{Heap after GC invocations=17 (full 0):
 garbage-first heap   total 48128K, used 26947K [0x0000000083600000, 0x0000000100000000)
  region size 1024K, 3 young (3072K), 3 survivors (3072K)
 Metaspace       used 62121K, committed 62720K, reserved 1114112K
  class space    used 8309K, committed 8576K, reserved 1048576K
}
Event: 9.839 GC heap before
{Heap before GC invocations=17 (full 0):
 garbage-first heap   total 48128K, used 40259K [0x0000000083600000, 0x0000000100000000)
  region size 1024K, 16 young (16384K), 3 survivors (3072K)
 Metaspace       used 63853K, committed 64512K, reserved 1114112K
  class space    used 8538K, committed 8832K, reserved 1048576K
}
Event: 9.844 GC heap after
{Heap after GC invocations=18 (full 0):
 garbage-first heap   total 48128K, used 28189K [0x0000000083600000, 0x0000000100000000)
  region size 1024K, 2 young (2048K), 2 survivors (2048K)
 Metaspace       used 63853K, committed 64512K, reserved 1114112K
  class space    used 8538K, committed 8832K, reserved 1048576K
}
Event: 20.867 GC heap before
{Heap before GC invocations=18 (full 0):
 garbage-first heap   total 48128K, used 41501K [0x0000000083600000, 0x0000000100000000)
  region size 1024K, 16 young (16384K), 2 survivors (2048K)
 Metaspace       used 67010K, committed 67712K, reserved 1114112K
  class space    used 8955K, committed 9280K, reserved 1048576K
}
Event: 20.871 GC heap after
{Heap after GC invocations=19 (full 0):
 garbage-first heap   total 48128K, used 29557K [0x0000000083600000, 0x0000000100000000)
  region size 1024K, 2 young (2048K), 2 survivors (2048K)
 Metaspace       used 67010K, committed 67712K, reserved 1114112K
  class space    used 8955K, committed 9280K, reserved 1048576K
}

Dll operation events (11 events):
Event: 0.036 Loaded shared library C:\Program Files\Java\jdk-21\bin\java.dll
Event: 0.097 Loaded shared library C:\Program Files\Java\jdk-21\bin\jsvml.dll
Event: 0.159 Loaded shared library C:\Program Files\Java\jdk-21\bin\net.dll
Event: 0.162 Loaded shared library C:\Program Files\Java\jdk-21\bin\nio.dll
Event: 0.168 Loaded shared library C:\Program Files\Java\jdk-21\bin\zip.dll
Event: 0.345 Loaded shared library C:\Program Files\Java\jdk-21\bin\jimage.dll
Event: 1.778 Loaded shared library C:\Program Files\Java\jdk-21\bin\sunmscapi.dll
Event: 4.356 Loaded shared library C:\Program Files\Java\jdk-21\bin\management.dll
Event: 4.363 Loaded shared library C:\Program Files\Java\jdk-21\bin\management_ext.dll
Event: 4.972 Loaded shared library C:\Program Files\Java\jdk-21\bin\verify.dll
Event: 5.558 Loaded shared library C:\Program Files\Java\jdk-21\bin\extnet.dll

Deoptimization events (20 events):
Event: 10.478 Thread 0x0000024da8b43d50 Uncommon trap: trap_request=0xffffff45 fr.pc=0x0000024dbab79d8c relative=0x000000000000006c
Event: 10.478 Thread 0x0000024da8b43d50 Uncommon trap: reason=unstable_if action=reinterpret pc=0x0000024dbab79d8c method=org.springframework.util.ConcurrentReferenceHashMap$Segment.clear()V @ 7 c2
Event: 10.478 Thread 0x0000024da8b43d50 DEOPT PACKING pc=0x0000024dbab79d8c sp=0x000000cd8ebff200
Event: 10.478 Thread 0x0000024da8b43d50 DEOPT UNPACKING pc=0x0000024dba5c7da2 sp=0x000000cd8ebff190 mode 2
Event: 10.613 Thread 0x0000024da8b43d50 Uncommon trap: trap_request=0xffffff45 fr.pc=0x0000024dbadb40b0 relative=0x0000000000000110
Event: 10.613 Thread 0x0000024da8b43d50 Uncommon trap: reason=unstable_if action=reinterpret pc=0x0000024dbadb40b0 method=java.util.ArrayList.indexOfRange(Ljava/lang/Object;II)I @ 7 c2
Event: 10.613 Thread 0x0000024da8b43d50 DEOPT PACKING pc=0x0000024dbadb40b0 sp=0x000000cd8ebfef70
Event: 10.613 Thread 0x0000024da8b43d50 DEOPT UNPACKING pc=0x0000024dba5c7da2 sp=0x000000cd8ebfeef0 mode 2
Event: 20.804 Thread 0x0000024e0df4eff0 Uncommon trap: trap_request=0xffffff45 fr.pc=0x0000024dbac40728 relative=0x0000000000000188
Event: 20.804 Thread 0x0000024e0df4eff0 Uncommon trap: reason=unstable_if action=reinterpret pc=0x0000024dbac40728 method=java.lang.String.equals(Ljava/lang/Object;)Z @ 33 c2
Event: 20.804 Thread 0x0000024e0df4eff0 DEOPT PACKING pc=0x0000024dbac40728 sp=0x000000cd90afd790
Event: 20.804 Thread 0x0000024e0df4eff0 DEOPT UNPACKING pc=0x0000024dba5c7da2 sp=0x000000cd90afd720 mode 2
Event: 20.820 Thread 0x0000024e0df4eff0 Uncommon trap: trap_request=0xffffff66 fr.pc=0x0000024dbaec79ac relative=0x000000000000172c
Event: 20.820 Thread 0x0000024e0df4eff0 Uncommon trap: reason=speculate_class_check action=maybe_recompile pc=0x0000024dbaec79ac method=org.springframework.transaction.interceptor.AbstractFallbackTransactionAttributeSource.getTransactionAttribute(Ljava/lang/reflect/Method;Ljava/lang/Class;)Lorg
Event: 20.820 Thread 0x0000024e0df4eff0 DEOPT PACKING pc=0x0000024dbaec79ac sp=0x000000cd90afcf00
Event: 20.820 Thread 0x0000024e0df4eff0 DEOPT UNPACKING pc=0x0000024dba5c7da2 sp=0x000000cd90afcee8 mode 2
Event: 20.859 Thread 0x0000024e0df4eff0 Uncommon trap: trap_request=0xffffffde fr.pc=0x0000024dbacd5b6c relative=0x00000000000006ac
Event: 20.859 Thread 0x0000024e0df4eff0 Uncommon trap: reason=class_check action=maybe_recompile pc=0x0000024dbacd5b6c method=java.util.concurrent.ConcurrentMap.computeIfAbsent(Ljava/lang/Object;Ljava/util/function/Function;)Ljava/lang/Object; @ 7 c2
Event: 20.859 Thread 0x0000024e0df4eff0 DEOPT PACKING pc=0x0000024dbacd5b6c sp=0x000000cd90afbbb0
Event: 20.859 Thread 0x0000024e0df4eff0 DEOPT UNPACKING pc=0x0000024dba5c7da2 sp=0x000000cd90afbb98 mode 2

Classes loaded (20 events):
Event: 20.484 Loading class sun/nio/ch/SelectionKeyImpl
Event: 20.485 Loading class java/nio/channels/spi/AbstractSelectionKey
Event: 20.485 Loading class java/nio/channels/SelectionKey
Event: 20.486 Loading class java/nio/channels/SelectionKey done
Event: 20.486 Loading class java/nio/channels/spi/AbstractSelectionKey done
Event: 20.486 Loading class sun/nio/ch/SelectionKeyImpl done
Event: 20.486 Loading class java/lang/invoke/ConstantBootstraps
Event: 20.487 Loading class java/lang/invoke/ConstantBootstraps done
Event: 20.549 Loading class sun/nio/cs/ThreadLocalCoders
Event: 20.549 Loading class sun/nio/cs/ThreadLocalCoders done
Event: 20.549 Loading class sun/nio/cs/ThreadLocalCoders$1
Event: 20.550 Loading class sun/nio/cs/ThreadLocalCoders$Cache
Event: 20.550 Loading class sun/nio/cs/ThreadLocalCoders$Cache done
Event: 20.550 Loading class sun/nio/cs/ThreadLocalCoders$1 done
Event: 20.550 Loading class sun/nio/cs/ThreadLocalCoders$2
Event: 20.550 Loading class sun/nio/cs/ThreadLocalCoders$2 done
Event: 20.765 Loading class java/time/format/DateTimeFormatterBuilder$ZoneTextPrinterParser
Event: 20.766 Loading class java/time/format/DateTimeFormatterBuilder$ZoneTextPrinterParser done
Event: 20.766 Loading class java/time/format/DateTimeFormatterBuilder$ReducedPrinterParser
Event: 20.766 Loading class java/time/format/DateTimeFormatterBuilder$ReducedPrinterParser done

Classes unloaded (0 events):
No events

Classes redefined (0 events):
No events

Internal exceptions (20 events):
Event: 7.508 Thread 0x0000024da8b43d50 Exception <a 'java/lang/NoSuchMethodError'{0x0000000088f08fe0}: 'void java.lang.invoke.DirectMethodHandle$Holder.invokeInterface(java.lang.Object, java.lang.Object)'> (0x0000000088f08fe0) 
thrown [s\open\src\hotspot\share\interpreter\linkResolver.cpp, line 773]
Event: 7.649 Thread 0x0000024da8b43d50 Exception <a 'java/lang/NoSuchMethodError'{0x0000000085cb7d40}: 'void java.lang.invoke.Invokers$Holder.invokeExact_MT(java.lang.Object, java.lang.Object, java.lang.Object, java.lang.Object)'> (0x0000000085cb7d40) 
thrown [s\open\src\hotspot\share\interpreter\linkResolver.cpp, line 773]
Event: 7.667 Thread 0x0000024da8b43d50 Implicit null exception at 0x0000024dbad661f7 to 0x0000024dbad66468
Event: 7.680 Thread 0x0000024da8b43d50 Implicit null exception at 0x0000024dbae13cf1 to 0x0000024dbae14028
Event: 7.731 Thread 0x0000024da8b43d50 Exception <a 'java/lang/IncompatibleClassChangeError'{0x000000008586ca08}: Found class java.lang.Object, but interface was expected> (0x000000008586ca08) 
thrown [s\open\src\hotspot\share\interpreter\linkResolver.cpp, line 840]
Event: 7.743 Thread 0x0000024da8b43d50 Exception <a 'java/lang/IncompatibleClassChangeError'{0x00000000858d7868}: Found class java.lang.Object, but interface was expected> (0x00000000858d7868) 
thrown [s\open\src\hotspot\share\interpreter\linkResolver.cpp, line 840]
Event: 7.790 Thread 0x0000024da8b43d50 Exception <a 'java/lang/IncompatibleClassChangeError'{0x0000000085633f00}: Found class java.lang.Object, but interface was expected> (0x0000000085633f00) 
thrown [s\open\src\hotspot\share\interpreter\linkResolver.cpp, line 840]
Event: 8.082 Thread 0x0000024da8b43d50 Exception <a 'java/lang/IncompatibleClassChangeError'{0x00000000891a5f40}: Found class java.lang.Object, but interface was expected> (0x00000000891a5f40) 
thrown [s\open\src\hotspot\share\interpreter\linkResolver.cpp, line 840]
Event: 8.180 Thread 0x0000024da8b43d50 Exception <a 'java/lang/IncompatibleClassChangeError'{0x000000008894ef38}: Found class java.lang.Object, but interface was expected> (0x000000008894ef38) 
thrown [s\open\src\hotspot\share\interpreter\linkResolver.cpp, line 840]
Event: 9.068 Thread 0x0000024da8b43d50 Exception <a 'java/lang/NoSuchMethodError'{0x00000000855563c8}: 'java.lang.Object java.lang.invoke.DirectMethodHandle$Holder.newInvokeSpecial(java.lang.Object, java.lang.Object, java.lang.Object, java.lang.Object, java.lang.Object, java.lang.Object, java.lang.Object, java.lang.Object)'> (0x00000000855563c8) 
thrown [s\open\src\hotspot\share\interpreter\linkResolver.cpp, line 773]
Event: 9.497 Thread 0x0000024da8b43d50 Exception <a 'java/lang/IncompatibleClassChangeError'{0x00000000888e3318}: Found class java.lang.Object, but interface was expected> (0x00000000888e3318) 
thrown [s\open\src\hotspot\share\interpreter\linkResolver.cpp, line 840]
Event: 9.554 Thread 0x0000024da8b43d50 Exception <a 'java/lang/NoSuchMethodError'{0x0000000085b85738}: 'void java.lang.invoke.DirectMethodHandle$Holder.invokeVirtual(java.lang.Object, java.lang.Object, long)'> (0x0000000085b85738) 
thrown [s\open\src\hotspot\share\interpreter\linkResolver.cpp, line 773]
Event: 9.792 Thread 0x0000024da8b43d50 Exception <a 'java/lang/NoSuchMethodError'{0x00000000858acfe0}: 'int java.lang.invoke.DirectMethodHandle$Holder.invokeStaticInit(java.lang.Object, java.lang.Object, java.lang.Object, java.lang.Object)'> (0x00000000858acfe0) 
thrown [s\open\src\hotspot\share\interpreter\linkResolver.cpp, line 773]
Event: 9.834 Thread 0x0000024da8b43d50 Implicit null exception at 0x0000024dbacc388b to 0x0000024dbacc3fc2
Event: 10.072 Thread 0x0000024da8b43d50 Exception <a 'java/lang/IncompatibleClassChangeError'{0x000000008920d658}: Found class java.lang.Object, but interface was expected> (0x000000008920d658) 
thrown [s\open\src\hotspot\share\interpreter\linkResolver.cpp, line 840]
Event: 10.481 Thread 0x0000024da8b43d50 Exception <a 'java/lang/NoSuchMethodError'{0x0000000088904e30}: 'java.lang.Object java.lang.invoke.DirectMethodHandle$Holder.newInvokeSpecial(java.lang.Object, java.lang.Object, int, java.lang.Object, java.lang.Object)'> (0x0000000088904e30) 
thrown [s\open\src\hotspot\share\interpreter\linkResolver.cpp, line 773]
Event: 20.545 Thread 0x0000024e0df4eff0 Exception <a 'java/lang/NoSuchMethodError'{0x0000000085b02110}: 'java.lang.Object java.lang.invoke.DirectMethodHandle$Holder.invokeSpecial(java.lang.Object, java.lang.Object, java.lang.Object, java.lang.Object, java.lang.Object, long)'> (0x0000000085b02110) 
thrown [s\open\src\hotspot\share\interpreter\linkResolver.cpp, line 773]
Event: 20.545 Thread 0x0000024e0df4eff0 Exception <a 'java/lang/NoSuchMethodError'{0x0000000085b058d0}: 'java.lang.Object java.lang.invoke.Invokers$Holder.linkToTargetMethod(java.lang.Object, java.lang.Object, java.lang.Object, long, java.lang.Object)'> (0x0000000085b058d0) 
thrown [s\open\src\hotspot\share\interpreter\linkResolver.cpp, line 773]
Event: 20.818 Thread 0x0000024e0df4eff0 Exception <a 'java/lang/NoSuchMethodError'{0x000000008587eb40}: 'java.lang.Object java.lang.invoke.DirectMethodHandle$Holder.invokeVirtual(java.lang.Object, java.lang.Object, int)'> (0x000000008587eb40) 
thrown [s\open\src\hotspot\share\interpreter\linkResolver.cpp, line 773]
Event: 20.831 Thread 0x0000024e0df4eff0 Exception <a 'java/lang/NoSuchMethodError'{0x00000000858cb8d0}: 'java.lang.Object java.lang.invoke.DirectMethodHandle$Holder.invokeInterface(java.lang.Object, java.lang.Object, java.lang.Object, java.lang.Object)'> (0x00000000858cb8d0) 
thrown [s\open\src\hotspot\share\interpreter\linkResolver.cpp, line 773]

ZGC Phase Switch (0 events):
No events

VM Operations (20 events):
Event: 9.344 Executing VM operation: HandshakeAllThreads (Deoptimize) done
Event: 9.613 Executing VM operation: HandshakeAllThreads (Deoptimize)
Event: 9.613 Executing VM operation: HandshakeAllThreads (Deoptimize) done
Event: 9.838 Executing VM operation: G1CollectForAllocation (G1 Evacuation Pause)
Event: 9.868 Executing VM operation: G1CollectForAllocation (G1 Evacuation Pause) done
Event: 10.882 Executing VM operation: Cleanup
Event: 10.882 Executing VM operation: Cleanup done
Event: 19.959 Executing VM operation: Cleanup
Event: 19.959 Executing VM operation: Cleanup done
Event: 20.574 Executing VM operation: HandshakeAllThreads (Deoptimize)
Event: 20.574 Executing VM operation: HandshakeAllThreads (Deoptimize) done
Event: 20.801 Executing VM operation: HandshakeAllThreads (Deoptimize)
Event: 20.801 Executing VM operation: HandshakeAllThreads (Deoptimize) done
Event: 20.811 Executing VM operation: HandshakeAllThreads (Deoptimize)
Event: 20.811 Executing VM operation: HandshakeAllThreads (Deoptimize) done
Event: 20.867 Executing VM operation: G1CollectForAllocation (G1 Evacuation Pause)
Event: 20.871 Executing VM operation: G1CollectForAllocation (G1 Evacuation Pause) done
Event: 20.876 Executing VM operation: HandshakeAllThreads (Deoptimize)
Event: 20.876 Executing VM operation: HandshakeAllThreads (Deoptimize) done
Event: 20.908 Executing VM operation: G1PauseRemark

Events (20 events):
Event: 20.913 Thread 0x0000024dc6be42d0 flushing nmethod 0x0000024dbac92a90
Event: 20.913 Thread 0x0000024dc6be42d0 flushing nmethod 0x0000024dbac53d10
Event: 20.913 Thread 0x0000024dc6be42d0 flushing nmethod 0x0000024dbac33b10
Event: 20.913 Thread 0x0000024dc6be42d0 flushing nmethod 0x0000024dbac08f90
Event: 20.913 Thread 0x0000024dc6be42d0 flushing nmethod 0x0000024dbac08810
Event: 20.913 Thread 0x0000024dc6be42d0 flushing nmethod 0x0000024dbabece90
Event: 20.913 Thread 0x0000024dc6be42d0 flushing nmethod 0x0000024dbabd0990
Event: 20.913 Thread 0x0000024dc6be42d0 flushing nmethod 0x0000024dbabddb10
Event: 20.913 Thread 0x0000024dc6be42d0 flushing nmethod 0x0000024dbabcaf10
Event: 20.913 Thread 0x0000024dc6be42d0 flushing nmethod 0x0000024dbabc9610
Event: 20.913 Thread 0x0000024dc6be42d0 flushing nmethod 0x0000024dbab94e10
Event: 20.913 Thread 0x0000024dc6be42d0 flushing nmethod 0x0000024dbab7b810
Event: 20.913 Thread 0x0000024dc6be42d0 flushing nmethod 0x0000024dbab7ab10
Event: 20.913 Thread 0x0000024dc6be42d0 flushing nmethod 0x0000024dbab74290
Event: 20.913 Thread 0x0000024dc6be42d0 flushing nmethod 0x0000024dbab71a90
Event: 20.913 Thread 0x0000024dc6be42d0 flushing nmethod 0x0000024dbab57c10
Event: 20.913 Thread 0x0000024dc6be42d0 flushing nmethod 0x0000024dbab5ba90
Event: 20.913 Thread 0x0000024dc6be42d0 flushing nmethod 0x0000024dbab48810
Event: 20.913 Thread 0x0000024dc6be42d0 flushing nmethod 0x0000024dbab31410
Event: 20.913 Thread 0x0000024dc6be42d0 flushing nmethod 0x0000024dbab15910


Dynamic libraries:
0x00007ff7d0c60000 - 0x00007ff7d0c70000 	C:\Program Files\Java\jdk-21\bin\javaw.exe
0x00007ffa10b10000 - 0x00007ffa10d08000 	C:\Windows\SYSTEM32\ntdll.dll
0x00007ffa103d0000 - 0x00007ffa10492000 	C:\Windows\System32\KERNEL32.DLL
0x00007ffa0e760000 - 0x00007ffa0ea5f000 	C:\Windows\System32\KERNELBASE.dll
0x00007ffa0e540000 - 0x00007ffa0e640000 	C:\Windows\System32\ucrtbase.dll
0x00007ff9fa9a0000 - 0x00007ff9fa9b9000 	C:\Program Files\Java\jdk-21\bin\jli.dll
0x00007ffa05380000 - 0x00007ffa0539b000 	C:\Program Files\Java\jdk-21\bin\VCRUNTIME140.dll
0x00007ffa0f530000 - 0x00007ffa0f5e1000 	C:\Windows\System32\ADVAPI32.dll
0x00007ffa10250000 - 0x00007ffa102ee000 	C:\Windows\System32\msvcrt.dll
0x00007ffa104a0000 - 0x00007ffa1053f000 	C:\Windows\System32\sechost.dll
0x00007ffa10090000 - 0x00007ffa101b3000 	C:\Windows\System32\RPCRT4.dll
0x00007ffa0e1a0000 - 0x00007ffa0e1c7000 	C:\Windows\System32\bcrypt.dll
0x00007ffa0f0c0000 - 0x00007ffa0f25d000 	C:\Windows\System32\USER32.dll
0x00007ffa0e270000 - 0x00007ffa0e292000 	C:\Windows\System32\win32u.dll
0x00007ffa0f260000 - 0x00007ffa0f28b000 	C:\Windows\System32\GDI32.dll
0x00007ffa0e640000 - 0x00007ffa0e757000 	C:\Windows\System32\gdi32full.dll
0x00007ffa0e1d0000 - 0x00007ffa0e26d000 	C:\Windows\System32\msvcp_win.dll
0x00007ff9fac30000 - 0x00007ff9faeca000 	C:\Windows\WinSxS\amd64_microsoft.windows.common-controls_6595b64144ccf1df_6.0.19041.4355_none_60b8b9eb71f62e16\COMCTL32.dll
0x00007ffa06790000 - 0x00007ffa0679a000 	C:\Windows\SYSTEM32\VERSION.dll
0x00007ffa0ec10000 - 0x00007ffa0ec3f000 	C:\Windows\System32\IMM32.DLL
0x00007ffa07c20000 - 0x00007ffa07c2c000 	C:\Program Files\Java\jdk-21\bin\vcruntime140_1.dll
0x00007ff9cdb20000 - 0x00007ff9cdbae000 	C:\Program Files\Java\jdk-21\bin\msvcp140.dll
0x00007ff9795c0000 - 0x00007ff97a2d5000 	C:\Program Files\Java\jdk-21\bin\server\jvm.dll
0x00007ffa0f4c0000 - 0x00007ffa0f52b000 	C:\Windows\System32\WS2_32.dll
0x00007ffa0d6e0000 - 0x00007ffa0d72b000 	C:\Windows\SYSTEM32\POWRPROF.dll
0x00007ff9f8da0000 - 0x00007ff9f8dc7000 	C:\Windows\SYSTEM32\WINMM.dll
0x00007ffa0d5a0000 - 0x00007ffa0d5b2000 	C:\Windows\SYSTEM32\UMPDC.dll
0x00007ffa0bd10000 - 0x00007ffa0bd22000 	C:\Windows\SYSTEM32\kernel.appcore.dll
0x00007ffa07650000 - 0x00007ffa0765a000 	C:\Program Files\Java\jdk-21\bin\jimage.dll
0x00007ffa0b430000 - 0x00007ffa0b614000 	C:\Windows\SYSTEM32\DBGHELP.DLL
0x00007ffa04730000 - 0x00007ffa04764000 	C:\Windows\SYSTEM32\dbgcore.DLL
0x00007ffa0e2a0000 - 0x00007ffa0e322000 	C:\Windows\System32\bcryptPrimitives.dll
0x00007ff9f9ef0000 - 0x00007ff9f9f0f000 	C:\Program Files\Java\jdk-21\bin\java.dll
0x00007ffa0f710000 - 0x00007ffa0fe7e000 	C:\Windows\System32\SHELL32.dll
0x00007ffa0bf30000 - 0x00007ffa0c6d4000 	C:\Windows\SYSTEM32\windows.storage.dll
0x00007ffa10770000 - 0x00007ffa10ac5000 	C:\Windows\System32\combase.dll
0x00007ffa0dbd0000 - 0x00007ffa0dbff000 	C:\Windows\SYSTEM32\Wldp.dll
0x00007ffa0eb20000 - 0x00007ffa0ebed000 	C:\Windows\System32\OLEAUT32.dll
0x00007ffa0f290000 - 0x00007ffa0f33d000 	C:\Windows\System32\SHCORE.dll
0x00007ffa10540000 - 0x00007ffa10595000 	C:\Windows\System32\shlwapi.dll
0x00007ffa0e0d0000 - 0x00007ffa0e0f4000 	C:\Windows\SYSTEM32\profapi.dll
0x00007ff9cd8c0000 - 0x00007ff9cd997000 	C:\Program Files\Java\jdk-21\bin\jsvml.dll
0x00007ff9fa870000 - 0x00007ff9fa880000 	C:\Program Files\Java\jdk-21\bin\net.dll
0x00007ffa0d160000 - 0x00007ffa0d26d000 	C:\Windows\SYSTEM32\WINHTTP.dll
0x00007ffa0d930000 - 0x00007ffa0d99a000 	C:\Windows\system32\mswsock.dll
0x00007ff9ef210000 - 0x00007ff9ef226000 	C:\Program Files\Java\jdk-21\bin\nio.dll
0x00007ff9e8730000 - 0x00007ff9e8748000 	C:\Program Files\Java\jdk-21\bin\zip.dll
0x00007ff9f9e70000 - 0x00007ff9f9e7e000 	C:\Program Files\Java\jdk-21\bin\sunmscapi.dll
0x00007ffa0e330000 - 0x00007ffa0e48c000 	C:\Windows\System32\CRYPT32.dll
0x00007ffa0dc40000 - 0x00007ffa0dc67000 	C:\Windows\SYSTEM32\ncrypt.dll
0x00007ffa0dc00000 - 0x00007ffa0dc3b000 	C:\Windows\SYSTEM32\NTASN1.dll
0x00007ffa0db20000 - 0x00007ffa0db38000 	C:\Windows\SYSTEM32\CRYPTSP.dll
0x00007ffa0d0d0000 - 0x00007ffa0d104000 	C:\Windows\system32\rsaenh.dll
0x00007ffa0e090000 - 0x00007ffa0e0be000 	C:\Windows\SYSTEM32\USERENV.dll
0x00007ffa0db40000 - 0x00007ffa0db4c000 	C:\Windows\SYSTEM32\CRYPTBASE.dll
0x00007ffa0d5c0000 - 0x00007ffa0d5fb000 	C:\Windows\SYSTEM32\IPHLPAPI.DLL
0x00007ffa10760000 - 0x00007ffa10768000 	C:\Windows\System32\NSI.dll
0x00007ff9f9e90000 - 0x00007ff9f9e9a000 	C:\Program Files\Java\jdk-21\bin\management.dll
0x00007ff9f9e80000 - 0x00007ff9f9e8b000 	C:\Program Files\Java\jdk-21\bin\management_ext.dll
0x00007ffa10750000 - 0x00007ffa10758000 	C:\Windows\System32\PSAPI.DLL
0x00007ff9fa030000 - 0x00007ff9fa040000 	C:\Program Files\Java\jdk-21\bin\verify.dll
0x00007ffa0d600000 - 0x00007ffa0d6ca000 	C:\Windows\SYSTEM32\DNSAPI.dll
0x00007ffa064c0000 - 0x00007ffa064ca000 	C:\Windows\System32\rasadhlp.dll
0x00007ffa05250000 - 0x00007ffa052d0000 	C:\Windows\System32\fwpuclnt.dll
0x00007ff9f7a50000 - 0x00007ff9f7a57000 	C:\Program Files\Java\jdk-21\bin\extnet.dll
0x00007ff9f21a0000 - 0x00007ff9f21a7000 	C:\Windows\system32\wshunix.dll

dbghelp: loaded successfully - version: 4.0.5 - missing functions: none
symbol engine: initialized successfully - sym options: 0x614 - pdb path: .;C:\Program Files\Java\jdk-21\bin;C:\Windows\SYSTEM32;C:\Windows\WinSxS\amd64_microsoft.windows.common-controls_6595b64144ccf1df_6.0.19041.4355_none_60b8b9eb71f62e16;C:\Program Files\Java\jdk-21\bin\server

VM Arguments:
jvm_args: -Dfile.encoding=UTF-8 -Dstdout.encoding=UTF-8 -Dstderr.encoding=UTF-8 -XX:+ShowCodeDetailsInExceptionMessages 
java_command: com.example.hemant.HemantApplication
java_class_path (initial): C:\Users\AnkitaBagwe\OneDrive - Adapt Fintech Advisors Private Limited\Documents\ankita\Desktop\Ankita_Project\Indiamart\Indiamart_clone_backend\24-08-2024\hemant\target\classes;C:\Users\AnkitaBagwe\.m2\repository\org\springframework\boot\spring-boot-starter-data-jpa\3.3.3\spring-boot-starter-data-jpa-3.3.3.jar;C:\Users\AnkitaBagwe\.m2\repository\org\springframework\boot\spring-boot-starter-aop\3.3.3\spring-boot-starter-aop-3.3.3.jar;C:\Users\AnkitaBagwe\.m2\repository\org\springframework\spring-aop\6.1.12\spring-aop-6.1.12.jar;C:\Users\AnkitaBagwe\.m2\repository\org\aspectj\aspectjweaver\1.9.22.1\aspectjweaver-1.9.22.1.jar;C:\Users\AnkitaBagwe\.m2\repository\org\springframework\boot\spring-boot-starter-jdbc\3.3.3\spring-boot-starter-jdbc-3.3.3.jar;C:\Users\AnkitaBagwe\.m2\repository\com\zaxxer\HikariCP\5.1.0\HikariCP-5.1.0.jar;C:\Users\AnkitaBagwe\.m2\repository\org\springframework\spring-jdbc\6.1.12\spring-jdbc-6.1.12.jar;C:\Users\AnkitaBagwe\.m2\repository\org\hibernate\orm\hibernate-core\6.5.2.Final\hibernate-core-6.5.2.Final.jar;C:\Users\AnkitaBagwe\.m2\repository\jakarta\persistence\jakarta.persistence-api\3.1.0\jakarta.persistence-api-3.1.0.jar;C:\Users\AnkitaBagwe\.m2\repository\jakarta\transaction\jakarta.transaction-api\2.0.1\jakarta.transaction-api-2.0.1.jar;C:\Users\AnkitaBagwe\.m2\repository\org\jboss\logging\jboss-logging\3.5.3.Final\jboss-logging-3.5.3.Final.jar;C:\Users\AnkitaBagwe\.m2\repository\org\hibernate\common\hibernate-commons-annotations\6.0.6.Final\hibernate-commons-annotations-6.0.6.Final.jar;C:\Users\AnkitaBagwe\.m2\repository\io\smallrye\jandex\3.1.2\jandex-3.1.2.jar;C:\Users\AnkitaBagwe\.m2\repository\com\fasterxml\classmate\1.7.0\classmate-1.7.0.jar;C:\Users\AnkitaBagwe\.m2\repository\net\bytebuddy\byte-buddy\1.14.19\byte-buddy-1.14.19.jar;C:\Users\AnkitaBagwe\.m2\repository\org\glassfish\jaxb\jaxb-runtime\4.0.5\jaxb-runtime-4.0.5.jar;C:\Users\AnkitaBagwe\.m2\repository\org\glassfish\jaxb\jaxb-core\4.0.5\jaxb-core-4.0.5.jar;C:\Users\AnkitaBagwe\.m2\repository\org\eclipse\angus\angus-activation\2.0.2\angus-activation-2.0.2.jar;C:\Users\AnkitaBagwe\.m2\repository\org\glassfish\jaxb\txw2\4.0.5\txw2-4.0.5.jar;C:\Users\AnkitaBagwe\.m2\repository\com\sun\istack\istack-commons-runtime\4.1.2\istack-commons-runtime-4.1.2.jar;C:\Users\AnkitaBagwe\.m2\repository\jakarta\inject\jakarta.inject-api\2.0.1\jakarta.inject-api-2.0.1.jar;C:\Users\AnkitaBagwe\.m2\repository\org\antlr\antlr4-runtime\4.13.0\antlr4-runtime-4.13.0.jar;C:\Users\AnkitaBagwe\.m2\repository\org\springframework\data\spring-data-jpa\3.3.3\spring-data-jpa-3.3.3.jar;C:\Users\AnkitaBagwe\.m2\repository\org\springframework\data\spring-data-commons\3.3.3\spring-data-commons-3.3.3.jar;C:\Users\AnkitaBagwe\.m2\repository\org\springframework\spring-orm\6.1.12\spring-orm-6.1.12.jar;C:\Users\AnkitaBagwe\.m2\repository\org\springframework\spring-context\6.1.12\spring-context-6.1.12.jar;C:\Users\AnkitaBagwe\.m2\repository\org\springframework\spring-tx\6.1.12\spring-tx-6.1.12.jar;C:\Users\AnkitaBagwe\.m2\repository\org\springframework\spring-beans\6.1.12\spring-beans-6.1.12.jar;C:\Users\AnkitaBagwe\.m2\repository\org\slf4j\slf4j-api\2.0.16\slf4j-api-2.0.16.jar;C:\Users\AnkitaBagwe\.m2\repository\org\springframework\spring-aspects\6.1.12\spring-aspects-6.1.12.jar;C:\Users\AnkitaBagwe\.m2\repository\org\springframework\boot\spring-boot-starter-thymeleaf\3.3.3\spring-boot-starter-thymeleaf-3.3.3.jar;C:\Users\AnkitaBagwe\.m2\repository\org\springframework\boot\spring-boot-starter\3.3.3\spring-boot-starter-3.3.3.jar;C:\Users\AnkitaBagwe\.m2\repository\org\springframework\boot\spring-boot\3.3.3\spring-boot-3.3.3.jar;C:\Users\AnkitaBagwe\.m2\repository\org\springframework\boot\spring-boot-autoconfigure\3.3.3\spring-boot-autoconfigure-3.3.3.jar;C:\Users\AnkitaBagwe\.m2\repository\org\springframework\boot\spring-boot-starter-logging\3.3.3\spring-boot-starter-logging-3.3.3.jar;C:\Users\AnkitaBagwe\.m2\repository\ch\qos\logback\logback-classic\1.5.7\logback-classic-1.5.7.jar;C:\Users\AnkitaBagwe\.m2\repository\ch\qos\logback\logback-core\1.5.7\logback-core-1.5.7.jar;C:\Users\AnkitaBagwe\.m2\repository\org\apache\logging\log4j\log4j-to-slf4j\2.23.1\log4j-to-slf4j-2.23.1.jar;C:\Users\AnkitaBagwe\.m2\repository\org\apache\logging\log4j\log4j-api\2.23.1\log4j-api-2.23.1.jar;C:\Users\AnkitaBagwe\.m2\repository\org\slf4j\jul-to-slf4j\2.0.16\jul-to-slf4j-2.0.16.jar;C:\Users\AnkitaBagwe\.m2\repository\org\yaml\snakeyaml\2.2\snakeyaml-2.2.jar;C:\Users\AnkitaBagwe\.m2\repository\org\thymeleaf\thymeleaf-spring6\3.1.2.RELEASE\thymeleaf-spring6-3.1.2.RELEASE.jar;C:\Users\AnkitaBagwe\.m2\repository\org\thymeleaf\thymeleaf\3.1.2.RELEASE\thymeleaf-3.1.2.RELEASE.jar;C:\Users\AnkitaBagwe\.m2\repository\org\attoparser\attoparser\2.0.7.RELEASE\attoparser-2.0.7.RELEASE.jar;C:\Users\AnkitaBagwe\.m2\repository\org\unbescape\unbescape\1.1.6.RELEASE\unbescape-1.1.6.RELEASE.jar;C:\Users\AnkitaBagwe\.m2\repository\org\springframework\boot\spring-boot-starter-web\3.3.3\spring-boot-starter-web-3.3.3.jar;C:\Users\AnkitaBagwe\.m2\repository\org\springframework\boot\spring-boot-starter-json\3.3.3\spring-boot-starter-json-3.3.3.jar;C:\Users\AnkitaBagwe\.m2\repository\com\fasterxml\jackson\core\jackson-databind\2.17.2\jackson-databind-2.17.2.jar;C:\Users\AnkitaBagwe\.m2\repository\com\fasterxml\jackson\core\jackson-annotations\2.17.2\jackson-annotations-2.17.2.jar;C:\Users\AnkitaBagwe\.m2\repository\com\fasterxml\jackson\core\jackson-core\2.17.2\jackson-core-2.17.2.jar;C:\Users\AnkitaBagwe\.m2\repository\com\fasterxml\jackson\datatype\jackson-datatype-jdk8\2.17.2\jackson-datatype-jdk8-2.17.2.jar;C:\Users\AnkitaBagwe\.m2\repository\com\fasterxml\jackson\datatype\jackson-datatype-jsr310\2.17.2\jackson-datatype-jsr310-2.17.2.jar;C:\Users\AnkitaBagwe\.m2\repository\com\fasterxml\jackson\module\jackson-module-parameter-names\2.17.2\jackson-module-parameter-names-2.17.2.jar;C:\Users\AnkitaBagwe\.m2\repository\org\springframework\spring-web\6.1.12\spring-web-6.1.12.jar;C:\Users\AnkitaBagwe\.m2\repository\io\micrometer\micrometer-observation\1.13.3\micrometer-observation-1.13.3.jar;C:\Users\AnkitaBagwe\.m2\repository\io\micrometer\micrometer-commons\1.13.3\micrometer-commons-1.13.3.jar;C:\Users\AnkitaBagwe\.m2\repository\org\springframework\spring-webmvc\6.1.12\spring-webmvc-6.1.12.jar;C:\Users\AnkitaBagwe\.m2\repository\org\springframework\spring-expression\6.1.12\spring-expression-6.1.12.jar;C:\Users\AnkitaBagwe\.m2\repository\com\mysql\mysql-connector-j\8.3.0\mysql-connector-j-8.3.0.jar;C:\Users\AnkitaBagwe\.m2\repository\org\springframework\boot\spring-boot-starter-tomcat\3.3.3\spring-boot-starter-tomcat-3.3.3.jar;C:\Users\AnkitaBagwe\.m2\repository\jakarta\annotation\jakarta.annotation-api\2.1.1\jakarta.annotation-api-2.1.1.jar;C:\Users\AnkitaBagwe\.m2\repository\org\apache\tomcat\embed\tomcat-embed-core\10.1.28\tomcat-embed-core-10.1.28.jar;C:\Users\AnkitaBagwe\.m2\repository\org\apache\tomcat\embed\tomcat-embed-el\10.1.28\tomcat-embed-el-10.1.28.jar;C:\Users\AnkitaBagwe\.m2\repository\org\apache\tomcat\embed\tomcat-embed-websocket\10.1.28\tomcat-embed-websocket-10.1.28.jar;C:\Users\AnkitaBagwe\.m2\repository\jakarta\xml\bind\jakarta.xml.bind-api\4.0.2\jakarta.xml.bind-api-4.0.2.jar;C:\Users\AnkitaBagwe\.m2\repository\jakarta\activation\jakarta.activation-api\2.1.3\jakarta.activation-api-2.1.3.jar;C:\Users\AnkitaBagwe\.m2\repository\org\springframework\spring-core\6.1.12\spring-core-6.1.12.jar;C:\Users\AnkitaBagwe\.m2\repository\org\springframework\spring-jcl\6.1.12\spring-jcl-6.1.12.jar
Launcher Type: SUN_STANDARD

[Global flags]
     intx CICompilerCount                          = 3                                         {product} {ergonomic}
     uint ConcGCThreads                            = 1                                         {product} {ergonomic}
     uint G1ConcRefinementThreads                  = 4                                         {product} {ergonomic}
   size_t G1HeapRegionSize                         = 1048576                                   {product} {ergonomic}
    uintx GCDrainStackTargetSize                   = 64                                        {product} {ergonomic}
   size_t InitialHeapSize                          = 132120576                                 {product} {ergonomic}
   size_t MarkStackSize                            = 4194304                                   {product} {ergonomic}
   size_t MaxHeapSize                              = 2090860544                                {product} {ergonomic}
   size_t MaxNewSize                               = 1254096896                                {product} {ergonomic}
   size_t MinHeapDeltaBytes                        = 1048576                                   {product} {ergonomic}
   size_t MinHeapSize                              = 8388608                                   {product} {ergonomic}
    uintx NonNMethodCodeHeapSize                   = 5832780                                {pd product} {ergonomic}
    uintx NonProfiledCodeHeapSize                  = 122912730                              {pd product} {ergonomic}
    uintx ProfiledCodeHeapSize                     = 122912730                              {pd product} {ergonomic}
    uintx ReservedCodeCacheSize                    = 251658240                              {pd product} {ergonomic}
     bool SegmentedCodeCache                       = true                                      {product} {ergonomic}
     bool ShowCodeDetailsInExceptionMessages       = true                                   {manageable} {command line}
   size_t SoftMaxHeapSize                          = 2090860544                             {manageable} {ergonomic}
     bool UseCompressedOops                        = true                           {product lp64_product} {ergonomic}
     bool UseG1GC                                  = true                                      {product} {ergonomic}
     bool UseLargePagesIndividualAllocation        = false                                  {pd product} {ergonomic}

Logging:
Log output configuration:
 #0: stdout all=warning uptime,level,tags foldmultilines=false
 #1: stderr all=off uptime,level,tags foldmultilines=false

Environment Variables:
PATH=C:\Program Files\Common Files\Oracle\Java\javapath;C:\Python312\Scripts\;C:\Python312\;C:\Program Files\Java\jdk-20\bin;C:\Program Files\dotnet\;C:\Windows\System32;C:\Program Files\MySQL\MySQL Server 8.0\bin;C:\ProgramData\chocolatey\bin;C:\Program Files\Microsoft SQL Server\Client SDK\ODBC\170\Tools\Binn\;C:\Program Files\Git\cmd;C:\Program Files\nodejs\;C:\Program Files\Tesseract-OCR;C:\Program Files\MySQL\MySQL Shell 8.0\bin\;C:\Users\AnkitaBagwe\AppData\Local\Programs\Python\Python311\Scripts\;C:\Users\AnkitaBagwe\AppData\Local\Programs\Python\Python311\;C:\Program Files\Java\jdk-20\bin;C:\Users\AnkitaBagwe\AppData\Local\Programs\Microsoft VS Code\bin;C:\Users\AnkitaBagwe\.dotnet\tools;C:\Users\AnkitaBagwe\AppData\Roaming\npm;C:\Users\AnkitaBagwe\AppData\Local\JetBrains\IntelliJ IDEA Community Edition 2024.2.3\bin;
USERNAME=AnkitaBagwe
OS=Windows_NT
PROCESSOR_IDENTIFIER=Intel64 Family 6 Model 140 Stepping 1, GenuineIntel
TMP=C:\Users\ANKITA~1\AppData\Local\Temp
TEMP=C:\Users\ANKITA~1\AppData\Local\Temp




Periodic native trim disabled

---------------  S Y S T E M  ---------------

OS:
 Windows 10 , 64 bit Build 19041 (10.0.19041.5198)
OS uptime: 2 days 19:51 hours

CPU: total 4 (initial active 4) (2 cores per cpu, 2 threads per core) family 6 model 140 stepping 1 microcode 0xb6, cx8, cmov, fxsr, ht, mmx, 3dnowpref, sse, sse2, sse3, ssse3, sse4.1, sse4.2, popcnt, lzcnt, tsc, tscinvbit, avx, avx2, aes, erms, clmul, bmi1, bmi2, adx, avx512f, avx512dq, avx512cd, avx512bw, avx512vl, sha, fma, vzeroupper, avx512_vpopcntdq, avx512_vpclmulqdq, avx512_vaes, avx512_vnni, clflush, clflushopt, clwb, avx512_vbmi2, avx512_vbmi, rdtscp, rdpid, fsrm, gfni, avx512_bitalg, f16c, pku, cet_ibt, cet_ss, avx512_ifma
Processor Information for all 4 processors :
  Max Mhz: 2995, Current Mhz: 2995, Mhz Limit: 2995

Memory: 4k page, system-wide physical 7975M (478M free)
TotalPageFile size 32551M (AvailPageFile size 2M)
current process WorkingSet (physical memory assigned to process): 210M, peak: 247M
current process commit charge ("private bytes"): 249M, peak: 275M

vm_info: Java HotSpot(TM) 64-Bit Server VM (21.0.1+12-LTS-29) for windows-amd64 JRE (21.0.1+12-LTS-29), built on 2023-10-05T13:27:09Z by "mach5one" with MS VC++ 17.1 (VS2022)

END.
